{"level":"info","message":"Listening to port 3000..."}
{"level":"info","message":"Listening to port 3000..."}
{"level":"info","message":"Listening to port 3000..."}
{"level":"info","message":"Listening to port 3000..."}
{"level":"info","message":"Listening to port 3000..."}
{"level":"info","message":"Listening to port 3000..."}
{"level":"info","message":"Listening to port 3000..."}
{"level":"info","message":"Listening to port 3000..."}
{"level":"info","message":"Listening to port 3000..."}
{"level":"info","message":"Listening to port 3000..."}
{"level":"info","message":"Listening to port 3000..."}
{"level":"info","message":"Listening to port 3000..."}
{"code":"EAUTH","command":"AUTH PLAIN","level":"error","message":"Invalid login: 535 Authentication failed Invalid login: 535 Authentication failed","response":"535 Authentication failed","responseCode":535,"stack":"Error: Invalid login: 535 Authentication failed\n    at SMTPConnection._formatError (/Users/janardhanaraoburle/Personal/Projects/reachout-to-me/node_modules/nodemailer/lib/smtp-connection/index.js:784:19)\n    at SMTPConnection._actionAUTHComplete (/Users/janardhanaraoburle/Personal/Projects/reachout-to-me/node_modules/nodemailer/lib/smtp-connection/index.js:1536:34)\n    at SMTPConnection.<anonymous> (/Users/janardhanaraoburle/Personal/Projects/reachout-to-me/node_modules/nodemailer/lib/smtp-connection/index.js:540:26)\n    at SMTPConnection._processResponse (/Users/janardhanaraoburle/Personal/Projects/reachout-to-me/node_modules/nodemailer/lib/smtp-connection/index.js:947:20)\n    at SMTPConnection._onData (/Users/janardhanaraoburle/Personal/Projects/reachout-to-me/node_modules/nodemailer/lib/smtp-connection/index.js:749:14)\n    at TLSSocket.SMTPConnection._onSocketData (/Users/janardhanaraoburle/Personal/Projects/reachout-to-me/node_modules/nodemailer/lib/smtp-connection/index.js:189:44)\n    at TLSSocket.emit (node:events:390:28)\n    at addChunk (node:internal/streams/readable:315:12)\n    at readableAddChunk (node:internal/streams/readable:289:9)\n    at TLSSocket.Readable.push (node:internal/streams/readable:228:10)"}
{"level":"info","message":"Listening to port 3000..."}
{"code":"EAUTH","command":"AUTH PLAIN","level":"error","message":"Invalid login: 535 Authentication failed Invalid login: 535 Authentication failed","response":"535 Authentication failed","responseCode":535,"stack":"Error: Invalid login: 535 Authentication failed\n    at SMTPConnection._formatError (/Users/janardhanaraoburle/Personal/Projects/reachout-to-me/node_modules/nodemailer/lib/smtp-connection/index.js:784:19)\n    at SMTPConnection._actionAUTHComplete (/Users/janardhanaraoburle/Personal/Projects/reachout-to-me/node_modules/nodemailer/lib/smtp-connection/index.js:1536:34)\n    at SMTPConnection.<anonymous> (/Users/janardhanaraoburle/Personal/Projects/reachout-to-me/node_modules/nodemailer/lib/smtp-connection/index.js:540:26)\n    at SMTPConnection._processResponse (/Users/janardhanaraoburle/Personal/Projects/reachout-to-me/node_modules/nodemailer/lib/smtp-connection/index.js:947:20)\n    at SMTPConnection._onData (/Users/janardhanaraoburle/Personal/Projects/reachout-to-me/node_modules/nodemailer/lib/smtp-connection/index.js:749:14)\n    at TLSSocket.SMTPConnection._onSocketData (/Users/janardhanaraoburle/Personal/Projects/reachout-to-me/node_modules/nodemailer/lib/smtp-connection/index.js:189:44)\n    at TLSSocket.emit (node:events:390:28)\n    at addChunk (node:internal/streams/readable:315:12)\n    at readableAddChunk (node:internal/streams/readable:289:9)\n    at TLSSocket.Readable.push (node:internal/streams/readable:228:10)"}
{"level":"info","message":"Listening to port 3000..."}
{"code":"EAUTH","command":"AUTH PLAIN","level":"error","message":"Invalid login: 535-5.7.8 Username and Password not accepted. Learn more at\n535 5.7.8  https://support.google.com/mail/?p=BadCredentials lp8sm3705594pjb.14 - gsmtp Invalid login: 535-5.7.8 Username and Password not accepted. Learn more at\n535 5.7.8  https://support.google.com/mail/?p=BadCredentials lp8sm3705594pjb.14 - gsmtp","response":"535-5.7.8 Username and Password not accepted. Learn more at\n535 5.7.8  https://support.google.com/mail/?p=BadCredentials lp8sm3705594pjb.14 - gsmtp","responseCode":535,"stack":"Error: Invalid login: 535-5.7.8 Username and Password not accepted. Learn more at\n535 5.7.8  https://support.google.com/mail/?p=BadCredentials lp8sm3705594pjb.14 - gsmtp\n    at SMTPConnection._formatError (/Users/janardhanaraoburle/Personal/Projects/reachout-to-me/node_modules/nodemailer/lib/smtp-connection/index.js:784:19)\n    at SMTPConnection._actionAUTHComplete (/Users/janardhanaraoburle/Personal/Projects/reachout-to-me/node_modules/nodemailer/lib/smtp-connection/index.js:1536:34)\n    at SMTPConnection.<anonymous> (/Users/janardhanaraoburle/Personal/Projects/reachout-to-me/node_modules/nodemailer/lib/smtp-connection/index.js:540:26)\n    at SMTPConnection._processResponse (/Users/janardhanaraoburle/Personal/Projects/reachout-to-me/node_modules/nodemailer/lib/smtp-connection/index.js:947:20)\n    at SMTPConnection._onData (/Users/janardhanaraoburle/Personal/Projects/reachout-to-me/node_modules/nodemailer/lib/smtp-connection/index.js:749:14)\n    at TLSSocket.SMTPConnection._onSocketData (/Users/janardhanaraoburle/Personal/Projects/reachout-to-me/node_modules/nodemailer/lib/smtp-connection/index.js:189:44)\n    at TLSSocket.emit (node:events:390:28)\n    at addChunk (node:internal/streams/readable:315:12)\n    at readableAddChunk (node:internal/streams/readable:289:9)\n    at TLSSocket.Readable.push (node:internal/streams/readable:228:10)"}
{"level":"info","message":"Listening to port 3000..."}
{"code":"EAUTH","command":"AUTH PLAIN","level":"error","message":"Invalid login: 534-5.7.9 Application-specific password required. Learn more at\n534 5.7.9  https://support.google.com/mail/?p=InvalidSecondFactor s14sm22022501pfk.65 - gsmtp Invalid login: 534-5.7.9 Application-specific password required. Learn more at\n534 5.7.9  https://support.google.com/mail/?p=InvalidSecondFactor s14sm22022501pfk.65 - gsmtp","response":"534-5.7.9 Application-specific password required. Learn more at\n534 5.7.9  https://support.google.com/mail/?p=InvalidSecondFactor s14sm22022501pfk.65 - gsmtp","responseCode":534,"stack":"Error: Invalid login: 534-5.7.9 Application-specific password required. Learn more at\n534 5.7.9  https://support.google.com/mail/?p=InvalidSecondFactor s14sm22022501pfk.65 - gsmtp\n    at SMTPConnection._formatError (/Users/janardhanaraoburle/Personal/Projects/reachout-to-me/node_modules/nodemailer/lib/smtp-connection/index.js:784:19)\n    at SMTPConnection._actionAUTHComplete (/Users/janardhanaraoburle/Personal/Projects/reachout-to-me/node_modules/nodemailer/lib/smtp-connection/index.js:1536:34)\n    at SMTPConnection.<anonymous> (/Users/janardhanaraoburle/Personal/Projects/reachout-to-me/node_modules/nodemailer/lib/smtp-connection/index.js:540:26)\n    at SMTPConnection._processResponse (/Users/janardhanaraoburle/Personal/Projects/reachout-to-me/node_modules/nodemailer/lib/smtp-connection/index.js:947:20)\n    at SMTPConnection._onData (/Users/janardhanaraoburle/Personal/Projects/reachout-to-me/node_modules/nodemailer/lib/smtp-connection/index.js:749:14)\n    at TLSSocket.SMTPConnection._onSocketData (/Users/janardhanaraoburle/Personal/Projects/reachout-to-me/node_modules/nodemailer/lib/smtp-connection/index.js:189:44)\n    at TLSSocket.emit (node:events:390:28)\n    at addChunk (node:internal/streams/readable:315:12)\n    at readableAddChunk (node:internal/streams/readable:289:9)\n    at TLSSocket.Readable.push (node:internal/streams/readable:228:10)"}
{"level":"info","message":"Listening to port 3000..."}
{"level":"info","message":"Listening to port 3000..."}
{"level":"info","message":"Listening to port 3000..."}
{"level":"info","message":"Listening to port 3000..."}
{"level":"info","message":"Listening to port 3000..."}
{"level":"info","message":"Listening to port 3000..."}
{"level":"info","message":"Listening to port 3000..."}
{"level":"info","message":"Listening to port 3000..."}
{"level":"info","message":"Listening to port 3000..."}
{"level":"info","message":"Listening to port 3000..."}
{"level":"info","message":"Listening to port 3000..."}
{"level":"info","message":"Listening to port 3000..."}
{"level":"info","message":"Listening to port 3000..."}
{"level":"info","message":"Listening to port 3000..."}
{"level":"error","message":"path is not defined path is not defined","stack":"ReferenceError: path is not defined\n    at /Users/janardhanaraoburle/Personal/Projects/reachout-to-me/routes/mail.js:11:18\n    at /Users/janardhanaraoburle/Personal/Projects/reachout-to-me/middleware/asyncHandler.js:4:19\n    at Layer.handle [as handle_request] (/Users/janardhanaraoburle/Personal/Projects/reachout-to-me/node_modules/express/lib/router/layer.js:95:5)\n    at next (/Users/janardhanaraoburle/Personal/Projects/reachout-to-me/node_modules/express/lib/router/route.js:137:13)\n    at Route.dispatch (/Users/janardhanaraoburle/Personal/Projects/reachout-to-me/node_modules/express/lib/router/route.js:112:3)\n    at Layer.handle [as handle_request] (/Users/janardhanaraoburle/Personal/Projects/reachout-to-me/node_modules/express/lib/router/layer.js:95:5)\n    at /Users/janardhanaraoburle/Personal/Projects/reachout-to-me/node_modules/express/lib/router/index.js:281:22\n    at Function.process_params (/Users/janardhanaraoburle/Personal/Projects/reachout-to-me/node_modules/express/lib/router/index.js:341:12)\n    at next (/Users/janardhanaraoburle/Personal/Projects/reachout-to-me/node_modules/express/lib/router/index.js:275:10)\n    at Function.handle (/Users/janardhanaraoburle/Personal/Projects/reachout-to-me/node_modules/express/lib/router/index.js:174:3)"}
{"level":"error","message":"path is not defined path is not defined","stack":"ReferenceError: path is not defined\n    at /Users/janardhanaraoburle/Personal/Projects/reachout-to-me/routes/mail.js:11:18\n    at /Users/janardhanaraoburle/Personal/Projects/reachout-to-me/middleware/asyncHandler.js:4:19\n    at Layer.handle [as handle_request] (/Users/janardhanaraoburle/Personal/Projects/reachout-to-me/node_modules/express/lib/router/layer.js:95:5)\n    at next (/Users/janardhanaraoburle/Personal/Projects/reachout-to-me/node_modules/express/lib/router/route.js:137:13)\n    at Route.dispatch (/Users/janardhanaraoburle/Personal/Projects/reachout-to-me/node_modules/express/lib/router/route.js:112:3)\n    at Layer.handle [as handle_request] (/Users/janardhanaraoburle/Personal/Projects/reachout-to-me/node_modules/express/lib/router/layer.js:95:5)\n    at /Users/janardhanaraoburle/Personal/Projects/reachout-to-me/node_modules/express/lib/router/index.js:281:22\n    at Function.process_params (/Users/janardhanaraoburle/Personal/Projects/reachout-to-me/node_modules/express/lib/router/index.js:341:12)\n    at next (/Users/janardhanaraoburle/Personal/Projects/reachout-to-me/node_modules/express/lib/router/index.js:275:10)\n    at Function.handle (/Users/janardhanaraoburle/Personal/Projects/reachout-to-me/node_modules/express/lib/router/index.js:174:3)"}
{"level":"error","message":"path is not defined path is not defined","stack":"ReferenceError: path is not defined\n    at /Users/janardhanaraoburle/Personal/Projects/reachout-to-me/routes/mail.js:11:18\n    at /Users/janardhanaraoburle/Personal/Projects/reachout-to-me/middleware/asyncHandler.js:4:19\n    at Layer.handle [as handle_request] (/Users/janardhanaraoburle/Personal/Projects/reachout-to-me/node_modules/express/lib/router/layer.js:95:5)\n    at next (/Users/janardhanaraoburle/Personal/Projects/reachout-to-me/node_modules/express/lib/router/route.js:137:13)\n    at Route.dispatch (/Users/janardhanaraoburle/Personal/Projects/reachout-to-me/node_modules/express/lib/router/route.js:112:3)\n    at Layer.handle [as handle_request] (/Users/janardhanaraoburle/Personal/Projects/reachout-to-me/node_modules/express/lib/router/layer.js:95:5)\n    at /Users/janardhanaraoburle/Personal/Projects/reachout-to-me/node_modules/express/lib/router/index.js:281:22\n    at Function.process_params (/Users/janardhanaraoburle/Personal/Projects/reachout-to-me/node_modules/express/lib/router/index.js:341:12)\n    at next (/Users/janardhanaraoburle/Personal/Projects/reachout-to-me/node_modules/express/lib/router/index.js:275:10)\n    at Function.handle (/Users/janardhanaraoburle/Personal/Projects/reachout-to-me/node_modules/express/lib/router/index.js:174:3)"}
{"level":"info","message":"Listening to port 3000..."}
{"level":"error","message":"path is not defined path is not defined","stack":"ReferenceError: path is not defined\n    at /Users/janardhanaraoburle/Personal/Projects/reachout-to-me/routes/mail.js:11:18\n    at /Users/janardhanaraoburle/Personal/Projects/reachout-to-me/middleware/asyncHandler.js:4:19\n    at Layer.handle [as handle_request] (/Users/janardhanaraoburle/Personal/Projects/reachout-to-me/node_modules/express/lib/router/layer.js:95:5)\n    at next (/Users/janardhanaraoburle/Personal/Projects/reachout-to-me/node_modules/express/lib/router/route.js:137:13)\n    at Route.dispatch (/Users/janardhanaraoburle/Personal/Projects/reachout-to-me/node_modules/express/lib/router/route.js:112:3)\n    at Layer.handle [as handle_request] (/Users/janardhanaraoburle/Personal/Projects/reachout-to-me/node_modules/express/lib/router/layer.js:95:5)\n    at /Users/janardhanaraoburle/Personal/Projects/reachout-to-me/node_modules/express/lib/router/index.js:281:22\n    at Function.process_params (/Users/janardhanaraoburle/Personal/Projects/reachout-to-me/node_modules/express/lib/router/index.js:341:12)\n    at next (/Users/janardhanaraoburle/Personal/Projects/reachout-to-me/node_modules/express/lib/router/index.js:275:10)\n    at Function.handle (/Users/janardhanaraoburle/Personal/Projects/reachout-to-me/node_modules/express/lib/router/index.js:174:3)"}
{"level":"info","message":"Listening to port 3000..."}
{"level":"info","message":"Listening to port 3000..."}
{"level":"info","message":"Listening to port 3000..."}
{"level":"info","message":"Listening to port 3000..."}
{"level":"info","message":"Listening to port 3000..."}
{"level":"info","message":"Listening to port 3000..."}
{"level":"info","message":"Listening to port 3000..."}
{"level":"info","message":"Listening to port 3000..."}
{"level":"info","message":"Listening to port 3000..."}
{"level":"info","message":"Listening to port 3000..."}
{"level":"error","message":"res.sendStatus(...).body is not a function res.sendStatus(...).body is not a function","stack":"TypeError: res.sendStatus(...).body is not a function\n    at /Users/janardhanaraoburle/Personal/Projects/reachout-to-me/routes/mail.js:61:29\n    at processTicksAndRejections (node:internal/process/task_queues:96:5)\n    at async /Users/janardhanaraoburle/Personal/Projects/reachout-to-me/middleware/asyncHandler.js:4:13"}
{"level":"error","message":"res.sendStatus(...).body is not a function res.sendStatus(...).body is not a function","stack":"TypeError: res.sendStatus(...).body is not a function\n    at /Users/janardhanaraoburle/Personal/Projects/reachout-to-me/routes/mail.js:61:29\n    at processTicksAndRejections (node:internal/process/task_queues:96:5)\n    at async /Users/janardhanaraoburle/Personal/Projects/reachout-to-me/middleware/asyncHandler.js:4:13"}
{"level":"error","message":"res.sendStatus(...).body is not a function res.sendStatus(...).body is not a function","stack":"TypeError: res.sendStatus(...).body is not a function\n    at /Users/janardhanaraoburle/Personal/Projects/reachout-to-me/routes/mail.js:61:29\n    at processTicksAndRejections (node:internal/process/task_queues:96:5)\n    at async /Users/janardhanaraoburle/Personal/Projects/reachout-to-me/middleware/asyncHandler.js:4:13"}
{"level":"error","message":"res.sendStatus(...).body is not a function res.sendStatus(...).body is not a function","stack":"TypeError: res.sendStatus(...).body is not a function\n    at /Users/janardhanaraoburle/Personal/Projects/reachout-to-me/routes/mail.js:61:29\n    at processTicksAndRejections (node:internal/process/task_queues:96:5)\n    at async /Users/janardhanaraoburle/Personal/Projects/reachout-to-me/middleware/asyncHandler.js:4:13"}
{"level":"error","message":"res.sendStatus(...).body is not a function res.sendStatus(...).body is not a function","stack":"TypeError: res.sendStatus(...).body is not a function\n    at /Users/janardhanaraoburle/Personal/Projects/reachout-to-me/routes/mail.js:61:29\n    at processTicksAndRejections (node:internal/process/task_queues:96:5)\n    at async /Users/janardhanaraoburle/Personal/Projects/reachout-to-me/middleware/asyncHandler.js:4:13"}
{"level":"info","message":"Listening to port 3000..."}
{"level":"info","message":"Listening to port 3000..."}
{"level":"info","message":"Listening to port 3000..."}
{"level":"info","message":"Listening to port 3000..."}
{"level":"info","message":"Listening to port 3000..."}
{"level":"info","message":"Listening to port 3000..."}
{"level":"info","message":"Listening to port 3000..."}
{"level":"info","message":"Listening to port 3000..."}
{"level":"info","message":"Listening to port 3000..."}
{"level":"info","message":"Listening to port 3000..."}
{"code":"EDNS","command":"CONN","errno":-3008,"hostname":"mtp.titan.email","level":"error","message":"getaddrinfo ENOTFOUND mtp.titan.email getaddrinfo ENOTFOUND mtp.titan.email","stack":"Error: getaddrinfo ENOTFOUND mtp.titan.email\n    at GetAddrInfoReqWrap.onlookup [as oncomplete] (node:dns:107:26)","syscall":"getaddrinfo"}
{"level":"info","message":"Listening to port 3000..."}
